<?xml version="1.0" encoding="UTF-8"?><testsuite errors="0" failures="0" name="com.bestbuy.bestbuyinfo.StoreCURDTest" skipped="0" tests="4" time="0.53" timestamp="2023-01-10T23:01:07.954Z[Europe/London]"><testcase classname="com.bestbuy.bestbuyinfo.StoreCURDTest" name="This will create new store"/><testcase classname="com.bestbuy.bestbuyinfo.StoreCURDTest" name="Verify if the store has been added to application"/><testcase classname="com.bestbuy.bestbuyinfo.StoreCURDTest" name="This will update store information"/><testcase classname="com.bestbuy.bestbuyinfo.StoreCURDTest" name="This will delete Store"/></testsuite>