<?xml version="1.0" encoding="UTF-8"?><testsuite errors="0" failures="0" name="com.bestbuy.bestbuyinfo.ProductCURDTest" skipped="0" tests="4" time="2.21" timestamp="2023-01-10T23:01:05.582Z[Europe/London]"><testcase classname="com.bestbuy.bestbuyinfo.ProductCURDTest" name="This will create new product"/><testcase classname="com.bestbuy.bestbuyinfo.ProductCURDTest" name="Verify if the product was added to application"/><testcase classname="com.bestbuy.bestbuyinfo.ProductCURDTest" name="This will update product"/><testcase classname="com.bestbuy.bestbuyinfo.ProductCURDTest" name="This will delete product"/></testsuite>